<?xml version="1.0" encoding="UTF-8" ?>
<testsuite failures="0" time="0.078" errors="0" skipped="0" tests="5" name="com.kamakura.communication.exception.SerialPortExceptionTest">
  <properties>
[...]
</properties>
  <testcase time="0.01" classname="com.kamakura.communication.exception.SerialPortExceptionTest" name="testLocalizedMessagePtBR"/>
  <testcase time="0.001" classname="com.kamakura.communication.exception.SerialPortExceptionTest" name="testLocalizedMessageEn"/>
  <testcase time="0.001" classname="com.kamakura.communication.exception.SerialPortExceptionTest" name="testParameterizedLocalizedMessagePtBR"/>
  <testcase time="0.059" classname="com.kamakura.communication.exception.SerialPortExceptionTest" name="testParameterizedLocalizedMessageEn"/>
  <testcase time="0.001" classname="com.kamakura.communication.exception.SerialPortExceptionTest" name="testApplicationContext"/>
</testsuite>